C51 COMPILER V9.01   MAIN                                                                  12/16/2015 11:00:49 PAGE 1   


C51 COMPILER V9.01, COMPILATION OF MODULE MAIN
OBJECT MODULE PLACED IN main.OBJ
COMPILER INVOKED BY: D:\Program Files\keil\C51\BIN\C51.EXE main.c BROWSE DEBUG OBJECTEXTEND

line level    source

   1          /***************************************************************************
   2          标题：  AD采集温度显示
   3          实验板：电子时钟套件
   4          作者：  
   5          客服QQ：
   6          邮箱：  
   7          说明：  简单的显示AD转换采集回来的温度值
   8          ******************************************************************************/
   9          
  10          //头文件:
  11          #include <reg52.h>
  12          #include "SMG4.h"
  13          #include "STCADC.h"
  14          
  15          //常量表                                
  16          code unsigned char tempbuf[] ={188,186,184,181,179,177,175,172,170,168,166,165,164,163,
  17                                                                                                                                          161,158,155,152,149,146,143,139,136,133,130,128,125,122,
  18                                                                                                                                          119,117,115,112,110,108,105,103,101,99,97,95,93,91,89,87,
  19                                                                                                                                          85,83,81,79,77,76,74};          //0～50度的对应值，通过热敏电阻的B值表计算所得
  20          //变量定义
  21          unsigned char ly_temp=0;                        //保存温度值
  22          
  23          //主函数        
  24          void main(void)  
  25          {
  26   1              unsigned char i;
  27   1              InitADC();
  28   1                      
  29   1              while(1){               
  30   2                      ADCP1STA(7);                    //启动AD转换
  31   2                      ly_temp=GetADC();                       //读取AD转换值
  32   2                      
  33   2                      for(i=0;i<50;i++)                       //比较获得正确的温度值
  34   2                      {
  35   3                              if(ly_temp>tempbuf[i])
  36   3                                      break;
  37   3                      }
  38   2                      ly_temp=--i;
  39   2                              
  40   2                      ly_SMGcp[2]=1;          //在第三位数码上显示点  
  41   2                      ly_SMGbuf[2]=11;        //显示单位C
  42   2                      ly_SMGbuf[3]=10;        //第四位不显示
  43   2                      
  44   2                      ly_SMGbuf[0]=ly_temp/10;                //温度的十位和个位分开                  
  45   2                      ly_SMGbuf[1]=ly_temp%10;
  46   2                              
  47   2                      DisPlayS(10000);        //调用显示函数
  48   2              }
  49   1      }
  50          


MODULE INFORMATION:   STATIC OVERLAYABLE
   CODE SIZE        =    250    ----
   CONSTANT SIZE    =     51    ----
C51 COMPILER V9.01   MAIN                                                                  12/16/2015 11:00:49 PAGE 2   

   XDATA SIZE       =   ----    ----
   PDATA SIZE       =   ----    ----
   DATA SIZE        =     37    ----
   IDATA SIZE       =   ----    ----
   BIT SIZE         =   ----    ----
END OF MODULE INFORMATION.


C51 COMPILATION COMPLETE.  0 WARNING(S),  0 ERROR(S)
