C51 COMPILER V9.01   SMG                                                                   12/16/2015 10:13:57 PAGE 1   


C51 COMPILER V9.01, COMPILATION OF MODULE SMG
OBJECT MODULE PLACED IN SMG.OBJ
COMPILER INVOKED BY: D:\Program Files\keil\C51\BIN\C51.EXE SMG.c BROWSE DEBUG OBJECTEXTEND

line level    source

   1          /***************************************************************************
   2          ⣺  ܵʾ
   3          ʵ壺LY51-SZ1
   4          ߣ  ڵ-Ƭ
   5          ͷQQ52927029
   6          䣺  52927029@qq.com
   7          ˵  ̬ʾһλ,ʾ09
   8          ******************************************************************************/
   9          
  10          //ͷļ:
  11          #include <reg52.h>
  12          
  13          //:
  14          unsigned char code table[]=
  15                                  {0xc0,0xf9,0xa4,0xb0,0x99,0x92,0x82,0xf8,0x80,0x90};
  16                                                  // 0-9 
  17                                  
  18          //Ŷ:             
  19          sbit SMG_q = P3^2;      //ƽţǧλ
  20          sbit SMG_b = P3^3;      //ƽţλ
  21          sbit SMG_s = P3^4;      //ƽţʮλ
  22          sbit SMG_g = P3^5;      //ƽţλ
  23          
  24          //:
  25          void delay(unsigned int t); //ʱӺʱ
  26          
  27          //CԵں:              
  28          void main(void)  
  29          {
  30   1              unsigned char i;                //ѭ
  31   1              while(1)
  32   1              {
  33   2                      SMG_g=0;                        //ѡλܣǾ̬ʾP0ʾҪˢ£Ҳѡǧλλλעʮλ
             -Ƿģʾֵǵ;
  34   2                                                                              //Ҳλȫͬʱʾ
  35   2                      for(i=0;i<10;i++)       //ѭʾ09
  36   2                      {               
  37   3                              P2=table[i];    //ֵܶP0ڣʾӦ0-9
  38   3                              delay(2000);    //ʱ
  39   3                      }
  40   2              }
  41   1      }
  42          
  43          //ʱӺ,Χ 065535
  44          void delay(unsigned int t)
  45          {
  46   1              unsigned char j;
  47   1              
  48   1              while(t--){             
  49   2                      j=255;
  50   2                      while(j--);             
  51   2              }
  52   1      }


C51 COMPILER V9.01   SMG                                                                   12/16/2015 10:13:57 PAGE 2   

MODULE INFORMATION:   STATIC OVERLAYABLE
   CODE SIZE        =     52    ----
   CONSTANT SIZE    =     10    ----
   XDATA SIZE       =   ----    ----
   PDATA SIZE       =   ----    ----
   DATA SIZE        =   ----       1
   IDATA SIZE       =   ----    ----
   BIT SIZE         =   ----    ----
END OF MODULE INFORMATION.


C51 COMPILATION COMPLETE.  0 WARNING(S),  0 ERROR(S)
